*   Trying 104.40.183.236...
* TCP_NODELAY set
* Connected to clp-test-identityserver.my-clay.com (104.40.183.236) port 443 (#0)
* ALPN, offering http/1.1
* Cipher selection: ALL:!EXPORT:!EXPORT40:!EXPORT56:!aNULL:!LOW:!RC4:@STRENGTH
* successfully set certificate verify locations:
*   CAfile: /usr/local/php5/ssl/cert.pem
  CApath: none
* SSL connection using TLSv1.2 / ECDHE-RSA-AES256-GCM-SHA384
* ALPN, server did not agree to a protocol
* Server certificate:
*  subject: OU=Domain Control Validated; OU=PositiveSSL Wildcard; CN=*.my-clay.com
*  start date: Jul 20 00:00:00 2017 GMT
*  expire date: Jul 19 23:59:59 2020 GMT
*  subjectAltName: host "clp-test-identityserver.my-clay.com" matched cert's "*.my-clay.com"
*  issuer: C=GB; ST=Greater Manchester; L=Salford; O=COMODO CA Limited; CN=COMODO RSA Domain Validation Secure Server CA
*  SSL certificate verify ok.
> POST /connect/token HTTP/1.1
Host: clp-test-identityserver.my-clay.com
Accept: application/json
Authorization: Basic Yjg2Nzk0MTMtOTQ3Ny0xMWU2LWE0ZDUtMDA1MDU2OGRhMDk3OmJjMjI3NDIzLWJhNDQtNGY0OS1iZWU5LTA2ODUzOGUyOGZiNQ==
Content-Length: 48
Content-Type: application/x-www-form-urlencoded

* upload completely sent off: 48 out of 48 bytes
< HTTP/1.1 200 OK
< Cache-Control: no-store, no-cache, max-age=0
< Pragma: no-cache
< Transfer-Encoding: chunked
< Content-Type: application/json; charset=UTF-8
< Server: Kestrel
< X-Powered-By: ASP.NET
< Set-Cookie: ARRAffinity=8930980095440fadf940dbfe8bc5ea65a92326f31ddb85ce8d045e3ab7d122e6;Path=/;HttpOnly;Domain=clp-test-identityserver.my-clay.com
< Date: Mon, 28 Jan 2019 16:11:11 GMT
< 
* Connection #0 to host clp-test-identityserver.my-clay.com left intact
